<?xml version="1.0" encoding="UTF-8"?>
<testng-results ignored="0" total="1" passed="1" failed="0" skipped="0">
  <reporter-output>
  </reporter-output>
  <suite started-at="2024-10-16T08:41:32 IST" name="Default suite" finished-at="2024-10-16T08:41:35 IST" duration-ms="2936">
    <groups>
    </groups>
    <test started-at="2024-10-16T08:41:32 IST" name="Default test" finished-at="2024-10-16T08:41:35 IST" duration-ms="2936">
      <class name="apitestingpractice.Apipra">
        <test-method signature="vin()[pri:0, instance:apitestingpractice.Apipra@55141def]" started-at="2024-10-16T08:41:32 IST" name="vin" finished-at="2024-10-16T08:41:35 IST" duration-ms="2900" status="PASS">
          <reporter-output>
          </reporter-output>
        </test-method> <!-- vin -->
      </class> <!-- apitestingpractice.Apipra -->
    </test> <!-- Default test -->
  </suite> <!-- Default suite -->
</testng-results>
